c:\users\robske\desktop\rdr2-invoker-alwayskaffav2\rdr2_invoker\x64\release\vc142.pdb
c:\users\robske\desktop\rdr2-invoker-alwayskaffav2\rdr2_invoker\x64\release\renderer.obj
c:\users\robske\desktop\rdr2-invoker-alwayskaffav2\rdr2_invoker\x64\release\rdr2_main.obj
c:\users\robske\desktop\rdr2-invoker-alwayskaffav2\rdr2_invoker\x64\release\esp.obj
c:\users\robske\desktop\rdr2-invoker-alwayskaffav2\rdr2_invoker\x64\release\dllmain.obj
c:\users\robske\desktop\rdr2-invoker-alwayskaffav2\rdr2_invoker\x64\release\trampoline.obj
c:\users\robske\desktop\rdr2-invoker-alwayskaffav2\rdr2_invoker\x64\release\hook.obj
c:\users\robske\desktop\rdr2-invoker-alwayskaffav2\rdr2_invoker\x64\release\hde64.obj
c:\users\robske\desktop\rdr2-invoker-alwayskaffav2\rdr2_invoker\x64\release\hde32.obj
c:\users\robske\desktop\rdr2-invoker-alwayskaffav2\rdr2_invoker\x64\release\buffer.obj
c:\users\robske\desktop\rdr2-invoker-alwayskaffav2\x64\release\rdr2_cheat.dll
c:\users\robske\desktop\rdr2-invoker-alwayskaffav2\x64\release\rdr2_cheat.pdb
c:\users\robske\desktop\rdr2-invoker-alwayskaffav2\x64\release\rdr2_cheat.ipdb
c:\users\robske\desktop\rdr2-invoker-alwayskaffav2\x64\release\rdr2_cheat.iobj
c:\users\robske\desktop\rdr2-invoker-alwayskaffav2\rdr2_invoker\x64\release\rdr2_invoker.tlog\cl.command.1.tlog
c:\users\robske\desktop\rdr2-invoker-alwayskaffav2\rdr2_invoker\x64\release\rdr2_invoker.tlog\cl.read.1.tlog
c:\users\robske\desktop\rdr2-invoker-alwayskaffav2\rdr2_invoker\x64\release\rdr2_invoker.tlog\cl.write.1.tlog
c:\users\robske\desktop\rdr2-invoker-alwayskaffav2\rdr2_invoker\x64\release\rdr2_invoker.tlog\link.command.1.tlog
c:\users\robske\desktop\rdr2-invoker-alwayskaffav2\rdr2_invoker\x64\release\rdr2_invoker.tlog\link.read.1.tlog
c:\users\robske\desktop\rdr2-invoker-alwayskaffav2\rdr2_invoker\x64\release\rdr2_invoker.tlog\link.write.1.tlog
c:\users\robske\desktop\rdr2-invoker-alwayskaffav2\rdr2_invoker\x64\release\rdr2_invoker.tlog\rdr2_invoker.write.1u.tlog
