  dllmain.cpp
C:\Users\Robske\Desktop\RDR2-Invoker-AlwayskaffaV2\rdr2_invoker\invoker\invoker.hpp(55,10): warning C4244: 'return': conversion from 'uint64_t' to 'uint32_t', possible loss of data
  esp.cpp
C:\Users\Robske\Desktop\RDR2-Invoker-AlwayskaffaV2\rdr2_invoker\invoker\invoker.hpp(98,112): warning C4244: '=': conversion from 'uint64_t' to 'uint32_t', possible loss of data
C:\Users\Robske\Desktop\RDR2-Invoker-AlwayskaffaV2\rdr2_invoker\invoker\invoker.hpp(55,10): warning C4244: 'return': conversion from 'uint64_t' to 'uint32_t', possible loss of data
  rdr2_main.cpp
C:\Users\Robske\Desktop\RDR2-Invoker-AlwayskaffaV2\rdr2_invoker\invoker\invoker.hpp(98,112): warning C4244: '=': conversion from 'uint64_t' to 'uint32_t', possible loss of data
C:\Users\Robske\Desktop\RDR2-Invoker-AlwayskaffaV2\rdr2_invoker\invoker\invoker.hpp(55,10): warning C4244: 'return': conversion from 'uint64_t' to 'uint32_t', possible loss of data
C:\Users\Robske\Desktop\RDR2-Invoker-AlwayskaffaV2\rdr2_invoker\invoker\invoker.hpp(98,112): warning C4244: '=': conversion from 'uint64_t' to 'uint32_t', possible loss of data
C:\Users\Robske\Desktop\RDR2-Invoker-AlwayskaffaV2\rdr2_invoker\MenuFunctions.h(223,12): warning C4244: '=': conversion from 'int' to 'float', possible loss of data
  renderer.cpp
C:\Users\Robske\Desktop\RDR2-Invoker-AlwayskaffaV2\rdr2_invoker\MenuFunctions.h(231,12): warning C4244: '=': conversion from 'int' to 'float', possible loss of data
C:\Users\Robske\Desktop\RDR2-Invoker-AlwayskaffaV2\rdr2_invoker\invoker\invoker.hpp(55,10): warning C4244: 'return': conversion from 'uint64_t' to 'uint32_t', possible loss of data
C:\Users\Robske\Desktop\RDR2-Invoker-AlwayskaffaV2\rdr2_invoker\invoker\invoker.hpp(98,112): warning C4244: '=': conversion from 'uint64_t' to 'uint32_t', possible loss of data
C:\Users\Robske\Desktop\RDR2-Invoker-AlwayskaffaV2\rdr2_invoker\renderer\renderer.cpp(11,32): warning C4244: 'argument': conversion from 'int' to 'float', possible loss of data
C:\Users\Robske\Desktop\RDR2-Invoker-AlwayskaffaV2\rdr2_invoker\renderer\renderer.cpp(11,29): warning C4244: 'argument': conversion from 'int' to 'float', possible loss of data
C:\Users\Robske\Desktop\RDR2-Invoker-AlwayskaffaV2\rdr2_invoker\renderer\renderer.cpp(11,26): warning C4244: 'argument': conversion from 'int' to 'float', possible loss of data
C:\Users\Robske\Desktop\RDR2-Invoker-AlwayskaffaV2\rdr2_invoker\renderer\renderer.cpp(11,23): warning C4244: 'argument': conversion from 'int' to 'float', possible loss of data
  buffer.c
  hde32.c
  hde64.c
  hook.c
  trampoline.c
  Generating code
  Previous IPDB not found, fall back to full compilation.
  All 304 functions were compiled because no usable IPDB/IOBJ from previous compilation was found.
  Finished generating code
  rdr2_invoker.vcxproj -> C:\Users\Robske\Desktop\RDR2-Invoker-AlwayskaffaV2\x64\Release\rdr2_cheat.dll
